#-----------------------------------------------------------
# Vivado v2017.2.1 (64-bit)
# SW Build 1957588 on Wed Aug  9 16:32:24 MDT 2017
# IP Build 1948039 on Wed Aug  9 18:19:28 MDT 2017
# Start of session at: Fri Apr 24 15:55:45 2020
# Process ID: 5176
# Current directory: C:/Users/admin/Documents/projects/CpE142_pipeline/CpE142
# Command line: vivado.exe -gui_launcher_event rodinguilauncherevent668 C:\Users\admin\Documents\projects\CpE142_pipeline\CpE142\CpE142.xpr
# Log file: C:/Users/admin/Documents/projects/CpE142_pipeline/CpE142/vivado.log
# Journal file: C:/Users/admin/Documents/projects/CpE142_pipeline/CpE142\vivado.jou
#-----------------------------------------------------------
start_gui
open_project C:/Users/admin/Documents/projects/CpE142_pipeline/CpE142/CpE142.xpr
Scanning sources...
Finished scanning sources
INFO: [IP_Flow 19-234] Refreshing IP repositories
INFO: [IP_Flow 19-1700] Loaded user IP repository 'c:/Users/admin/Documents/projects/CPE142_nonpipe/CPE142_nonpipe.srcs/sources_1/new'.
INFO: [IP_Flow 19-2313] Loaded Vivado IP repository 'C:/Xilinx/Vivado/2017.2/data/ip'.
open_project: Time (s): cpu = 00:00:13 ; elapsed = 00:00:05 . Memory (MB): peak = 993.160 ; gain = 152.652
update_compile_order -fileset sources_1
close_project
exit
INFO: [Common 17-206] Exiting Vivado at Fri Apr 24 15:56:26 2020...
