#-----------------------------------------------------------
# Vivado v2017.2.1 (64-bit)
# SW Build 1957588 on Wed Aug  9 16:32:24 MDT 2017
# IP Build 1948039 on Wed Aug  9 18:19:28 MDT 2017
# Start of session at: Thu Apr 23 07:36:27 2020
# Process ID: 2408
# Current directory: C:/Users/admin/Documents/projects/CpE142_pipeline/CpE142
# Command line: vivado.exe -gui_launcher_event rodinguilauncherevent11212 C:\Users\admin\Documents\projects\CpE142_pipeline\CpE142\CpE142.xpr
# Log file: C:/Users/admin/Documents/projects/CpE142_pipeline/CpE142/vivado.log
# Journal file: C:/Users/admin/Documents/projects/CpE142_pipeline/CpE142\vivado.jou
#-----------------------------------------------------------
start_gui
open_project C:/Users/admin/Documents/projects/CpE142_pipeline/CpE142/CpE142.xpr
Scanning sources...
Finished scanning sources
INFO: [IP_Flow 19-234] Refreshing IP repositories
INFO: [IP_Flow 19-1700] Loaded user IP repository 'c:/Users/admin/Documents/projects/CPE142_nonpipe/CPE142_nonpipe.srcs/sources_1/new'.
INFO: [IP_Flow 19-2313] Loaded Vivado IP repository 'C:/Xilinx/Vivado/2017.2/data/ip'.
open_project: Time (s): cpu = 00:00:12 ; elapsed = 00:00:06 . Memory (MB): peak = 918.520 ; gain = 118.063
update_compile_order -fileset sources_1
exit
INFO: [Common 17-206] Exiting Vivado at Thu Apr 23 17:00:56 2020...
