Unable to capture context for thread 1240 in process 11704, can not generate back trace
Exception at PC 0x00007FFB63CFBB93
Printing stacktrace...

[0]  [0x00007FFB63CFBB93]
[1]  [0x00007FFB63CFBB93]
[2]  [0x00007FFB63CFB4A1]
[3]  [0x00007FFB63CFB3EF]
[4]  [0x00007FFB63CE19FE]
[5]  [0x00007FFB63CE0ED1]
[6]  [0x00007FFB63CE0D76]
[7]  [0x00007FFB63C879F6]
[8]  [0x00007FFB63C77AFB]
[9]  [0x00007FFB63D9E90A]
[10]  [0x00007FFB63DB9F87]
[11]  [0x00007FFB63DBA05F]
[12] (BaseThreadInitThunk+0x14) [0x00007FFC005B7BD4]
[13] (RtlUserThreadStart+0x21) [0x00007FFC0070CE51]
Done
Exception at PC 0x00007FFB63A01A52
Attemped to write at address 0x00007FFBA7A7ABA4
Printing stacktrace...

[0]  [0x00007FFB63A01A52]
[1]  [0x00007FFB63A01A52]
[2]  [0x00007FFB63A01AD4]
[3]  [0x00007FFB63B43FF7]
[4]  [0x00007FFB63A29128]
[5]  [0x00007FFB63CDDFB9]
[6]  [0x00007FFB63EAEF23]
[7]  [0x00007FFB63DBB06B]
[8]  [0x00007FFB63DB08AF]
[9]  [0x00007FFB63DB0A32]
[10] (RtlActivateActivationContextUnsafeFast+0x121) [0x00007FFC006C5021]
[11] (LdrShutdownProcess+0x132) [0x00007FFC0070AA82]
[12] (RtlExitUserProcess+0xad) [0x00007FFC0070A92D]
[13] (ExitProcess+0xa) [0x00007FFC005BCD8A]
[14] (exit+0x85) [0x00007FFBFFD5A245]
[15] (initterm_e+0x245) [0x00007FFBFFD5A8B5]
[16]  [0x00000000004014CD]
[17]  [0x000000000040151B]
[18] (BaseThreadInitThunk+0x14) [0x00007FFC005B7BD4]
[19] (RtlUserThreadStart+0x21) [0x00007FFC0070CE51]
Done
