INFO: [VRFC 10-2263] Analyzing Verilog file "C:/Users/admin/Documents/projects/CpE142_pipeline/CpE142/CpE142.srcs/sources_1/new/ALU.v" into library xil_defaultlib
INFO: [VRFC 10-311] analyzing module ALU
WARNING: [VRFC 10-2096] empty statement in sequential block [C:/Users/admin/Documents/projects/CpE142_pipeline/CpE142/CpE142.srcs/sources_1/new/ALU.v:37]
INFO: [VRFC 10-2263] Analyzing Verilog file "C:/Users/admin/Documents/projects/CpE142_pipeline/CpE142/CpE142.srcs/sources_1/new/ALUControl.v" into library xil_defaultlib
INFO: [VRFC 10-311] analyzing module ALUControl
WARNING: [VRFC 10-2096] empty statement in sequential block [C:/Users/admin/Documents/projects/CpE142_pipeline/CpE142/CpE142.srcs/sources_1/new/ALUControl.v:31]
INFO: [VRFC 10-2263] Analyzing Verilog file "C:/Users/admin/Documents/projects/CpE142_pipeline/CpE142/CpE142.srcs/sources_1/new/BranchAdder.v" into library xil_defaultlib
INFO: [VRFC 10-311] analyzing module BranchAdder
INFO: [VRFC 10-2263] Analyzing Verilog file "C:/Users/admin/Documents/projects/CpE142_pipeline/CpE142/CpE142.srcs/sources_1/new/Control.v" into library xil_defaultlib
INFO: [VRFC 10-311] analyzing module Control
WARNING: [VRFC 10-2096] empty statement in sequential block [C:/Users/admin/Documents/projects/CpE142_pipeline/CpE142/CpE142.srcs/sources_1/new/Control.v:40]
INFO: [VRFC 10-2263] Analyzing Verilog file "C:/Users/admin/Documents/projects/CpE142_pipeline/CpE142/CpE142.srcs/sources_1/new/DataMemory.v" into library xil_defaultlib
INFO: [VRFC 10-311] analyzing module DataMemory
INFO: [VRFC 10-2263] Analyzing Verilog file "C:/Users/admin/Documents/projects/CpE142_pipeline/CpE142/CpE142.srcs/sources_1/new/IDEX.v" into library xil_defaultlib
INFO: [VRFC 10-311] analyzing module IDEX
INFO: [VRFC 10-2263] Analyzing Verilog file "C:/Users/admin/Documents/projects/CpE142_pipeline/CpE142/CpE142.srcs/sources_1/new/IFID.v" into library xil_defaultlib
INFO: [VRFC 10-311] analyzing module IFID
INFO: [VRFC 10-2263] Analyzing Verilog file "C:/Users/admin/Documents/projects/CpE142_pipeline/CpE142/CpE142.srcs/sources_1/new/InstructionMemory.v" into library xil_defaultlib
INFO: [VRFC 10-311] analyzing module InstructionMemory
INFO: [VRFC 10-2263] Analyzing Verilog file "C:/Users/admin/Documents/projects/CpE142_pipeline/CpE142/CpE142.srcs/sources_1/new/MEMWB.v" into library xil_defaultlib
INFO: [VRFC 10-311] analyzing module MEMWB
INFO: [VRFC 10-2263] Analyzing Verilog file "C:/Users/admin/Documents/projects/CpE142_pipeline/CpE142/CpE142.srcs/sources_1/new/PCAdder.v" into library xil_defaultlib
INFO: [VRFC 10-311] analyzing module PCAdder
INFO: [VRFC 10-2263] Analyzing Verilog file "C:/Users/admin/Documents/projects/CpE142_pipeline/CpE142/CpE142.srcs/sources_1/new/ProgramCounter.v" into library xil_defaultlib
INFO: [VRFC 10-311] analyzing module ProgramCounter
INFO: [VRFC 10-2263] Analyzing Verilog file "C:/Users/admin/Documents/projects/CpE142_pipeline/CpE142/CpE142.srcs/sources_1/new/Registers.v" into library xil_defaultlib
INFO: [VRFC 10-311] analyzing module Registers
WARNING: [VRFC 10-2292] extra semicolon is not allowed here in this dialect. Use SystemVerilog mode [C:/Users/admin/Documents/projects/CpE142_pipeline/CpE142/CpE142.srcs/sources_1/new/Registers.v:57]
INFO: [VRFC 10-2263] Analyzing Verilog file "C:/Users/admin/Documents/projects/CpE142_pipeline/CpE142/CpE142.srcs/sources_1/new/SignExtender.v" into library xil_defaultlib
INFO: [VRFC 10-311] analyzing module SignExtender
INFO: [VRFC 10-2263] Analyzing Verilog file "C:/Users/admin/Documents/projects/CpE142_pipeline/CpE142/CpE142.srcs/sources_1/new/SignShift.v" into library xil_defaultlib
INFO: [VRFC 10-311] analyzing module SignShift
INFO: [VRFC 10-2263] Analyzing Verilog file "C:/Users/admin/Documents/projects/CpE142_pipeline/CpE142/CpE142.srcs/sources_1/new/clkdiv.v" into library xil_defaultlib
INFO: [VRFC 10-311] analyzing module clkdiv
INFO: [VRFC 10-2263] Analyzing Verilog file "C:/Users/admin/Documents/projects/CpE142_pipeline/CpE142/CpE142.srcs/sources_1/new/exmem.v" into library xil_defaultlib
INFO: [VRFC 10-311] analyzing module exmem
INFO: [VRFC 10-2263] Analyzing Verilog file "C:/Users/admin/Documents/projects/CpE142_pipeline/CpE142/CpE142.srcs/sources_1/new/mux16.v" into library xil_defaultlib
INFO: [VRFC 10-311] analyzing module mux16
INFO: [VRFC 10-2263] Analyzing Verilog file "C:/Users/admin/Documents/projects/CpE142_pipeline/CpE142/CpE142.srcs/sources_1/new/top.v" into library xil_defaultlib
INFO: [VRFC 10-311] analyzing module top
WARNING: [VRFC 10-756] identifier if_instruction_out is used before its declaration [C:/Users/admin/Documents/projects/CpE142_pipeline/CpE142/CpE142.srcs/sources_1/new/top.v:63]
WARNING: [VRFC 10-756] identifier id_wb_out is used before its declaration [C:/Users/admin/Documents/projects/CpE142_pipeline/CpE142/CpE142.srcs/sources_1/new/top.v:69]
WARNING: [VRFC 10-756] identifier id_m_out is used before its declaration [C:/Users/admin/Documents/projects/CpE142_pipeline/CpE142/CpE142.srcs/sources_1/new/top.v:70]
WARNING: [VRFC 10-756] identifier id_ex_out is used before its declaration [C:/Users/admin/Documents/projects/CpE142_pipeline/CpE142/CpE142.srcs/sources_1/new/top.v:71]
INFO: [VRFC 10-2263] Analyzing Verilog file "C:/Users/admin/Documents/projects/CpE142_pipeline/CpE142/CpE142.srcs/sources_1/new/top_tb.v" into library xil_defaultlib
INFO: [VRFC 10-311] analyzing module top_tb
INFO: [VRFC 10-2263] Analyzing Verilog file "C:/Users/admin/Documents/projects/CpE142_pipeline/CpE142/CpE142.sim/sim_1/behav/glbl.v" into library xil_defaultlib
INFO: [VRFC 10-311] analyzing module glbl
